# JRE version: OpenJDK Runtime Environment (11.0.15) (build 11.0.15+0-b2043.56-9505619)
# Java VM: OpenJDK 64-Bit Server VM (11.0.15+0-b2043.56-9505619, mixed mode, tiered, compressed oops, g1 gc, windows-amd64)
Heap:
 garbage-first heap   total 813056K, used 126382K [0x00000000a0000000, 0x0000000100000000)
  region size 1024K, 8 young (8192K), 8 survivors (8192K)
 Metaspace       used 49112K, capacity 50467K, committed 50736K, reserved 1093632K
  class space    used 6208K, capacity 6716K, committed 6784K, reserved 1048576K
GC Heap History (20 events):
Event: 16.240 GC heap after
{Heap after GC invocations=49 (full 0):
 garbage-first heap   total 369664K, used 117627K [0x00000000a0000000, 0x0000000100000000)
  region size 1024K, 11 young (11264K), 11 survivors (11264K)
 Metaspace       used 49094K, capacity 50465K, committed 50736K, reserved 1093632K
  class space    used 6207K, capacity 6716K, committed 6784K, reserved 1048576K
}
Event: 16.571 GC heap before
{Heap before GC invocations=49 (full 0):
 garbage-first heap   total 369664K, used 324475K [0x00000000a0000000, 0x0000000100000000)
  region size 1024K, 209 young (214016K), 11 survivors (11264K)
 Metaspace       used 49094K, capacity 50465K, committed 50736K, reserved 1093632K
  class space    used 6207K, capacity 6716K, committed 6784K, reserved 1048576K
}
Event: 16.582 GC heap after
{Heap after GC invocations=50 (full 0):
 garbage-first heap   total 369664K, used 119408K [0x00000000a0000000, 0x0000000100000000)
  region size 1024K, 13 young (13312K), 13 survivors (13312K)
 Metaspace       used 49094K, capacity 50465K, committed 50736K, reserved 1093632K
  class space    used 6207K, capacity 6716K, committed 6784K, reserved 1048576K
}
Event: 16.857 GC heap before
{Heap before GC invocations=50 (full 0):
 garbage-first heap   total 369664K, used 326256K [0x00000000a0000000, 0x0000000100000000)
  region size 1024K, 206 young (210944K), 13 survivors (13312K)
 Metaspace       used 49094K, capacity 50465K, committed 50736K, reserved 1093632K
  class space    used 6207K, capacity 6716K, committed 6784K, reserved 1048576K
}
Event: 16.903 GC heap after
{Heap after GC invocations=51 (full 0):
 garbage-first heap   total 369664K, used 121339K [0x00000000a0000000, 0x0000000100000000)
  region size 1024K, 14 young (14336K), 14 survivors (14336K)
 Metaspace       used 49094K, capacity 50465K, committed 50736K, reserved 1093632K
  class space    used 6207K, capacity 6716K, committed 6784K, reserved 1048576K
}
Event: 17.157 GC heap before
{Heap before GC invocations=51 (full 0):
 garbage-first heap   total 369664K, used 316923K [0x00000000a0000000, 0x0000000100000000)
  region size 1024K, 205 young (209920K), 14 survivors (14336K)
 Metaspace       used 49095K, capacity 50466K, committed 50736K, reserved 1093632K
  class space    used 6207K, capacity 6716K, committed 6784K, reserved 1048576K
}
Event: 17.169 GC heap after
{Heap after GC invocations=52 (full 0):
 garbage-first heap   total 513024K, used 123007K [0x00000000a0000000, 0x0000000100000000)
  region size 1024K, 16 young (16384K), 16 survivors (16384K)
 Metaspace       used 49095K, capacity 50466K, committed 50736K, reserved 1093632K
  class space    used 6207K, capacity 6716K, committed 6784K, reserved 1048576K
}
Event: 17.557 GC heap before
{Heap before GC invocations=52 (full 0):
 garbage-first heap   total 513024K, used 407679K [0x00000000a0000000, 0x0000000100000000)
  region size 1024K, 291 young (297984K), 16 survivors (16384K)
 Metaspace       used 49095K, capacity 50466K, committed 50736K, reserved 1093632K
  class space    used 6207K, capacity 6716K, committed 6784K, reserved 1048576K
}
Event: 17.568 GC heap after
{Heap after GC invocations=53 (full 0):
 garbage-first heap   total 513024K, used 127102K [0x00000000a0000000, 0x0000000100000000)
  region size 1024K, 18 young (18432K), 18 survivors (18432K)
 Metaspace       used 49095K, capacity 50466K, committed 50736K, reserved 1093632K
  class space    used 6207K, capacity 6716K, committed 6784K, reserved 1048576K
}
Event: 17.925 GC heap before
{Heap before GC invocations=53 (full 0):
 garbage-first heap   total 513024K, used 415870K [0x00000000a0000000, 0x0000000100000000)
  region size 1024K, 300 young (307200K), 18 survivors (18432K)
 Metaspace       used 49095K, capacity 50466K, committed 50736K, reserved 1093632K
  class space    used 6207K, capacity 6716K, committed 6784K, reserved 1048576K
}
Event: 18.015 GC heap after
{Heap after GC invocations=54 (full 0):
 garbage-first heap   total 513024K, used 129539K [0x00000000a0000000, 0x0000000100000000)
  region size 1024K, 20 young (20480K), 20 survivors (20480K)
 Metaspace       used 49095K, capacity 50466K, committed 50736K, reserved 1093632K
  class space    used 6207K, capacity 6716K, committed 6784K, reserved 1048576K
}
Event: 18.354 GC heap before
{Heap before GC invocations=54 (full 0):
 garbage-first heap   total 513024K, used 416259K [0x00000000a0000000, 0x0000000100000000)
  region size 1024K, 300 young (307200K), 20 survivors (20480K)
 Metaspace       used 49095K, capacity 50466K, committed 50736K, reserved 1093632K
  class space    used 6207K, capacity 6716K, committed 6784K, reserved 1048576K
}
Event: 18.368 GC heap after
{Heap after GC invocations=55 (full 0):
 garbage-first heap   total 513024K, used 131960K [0x00000000a0000000, 0x0000000100000000)
  region size 1024K, 22 young (22528K), 22 survivors (22528K)
 Metaspace       used 49095K, capacity 50466K, committed 50736K, reserved 1093632K
  class space    used 6207K, capacity 6716K, committed 6784K, reserved 1048576K
}
Event: 18.700 GC heap before
{Heap before GC invocations=55 (full 0):
 garbage-first heap   total 513024K, used 416632K [0x00000000a0000000, 0x0000000100000000)
  region size 1024K, 300 young (307200K), 22 survivors (22528K)
 Metaspace       used 49095K, capacity 50466K, committed 50736K, reserved 1093632K
  class space    used 6207K, capacity 6716K, committed 6784K, reserved 1048576K
}
Event: 18.792 GC heap after
{Heap after GC invocations=56 (full 0):
 garbage-first heap   total 513024K, used 134940K [0x00000000a0000000, 0x0000000100000000)
  region size 1024K, 23 young (23552K), 23 survivors (23552K)
 Metaspace       used 49095K, capacity 50466K, committed 50736K, reserved 1093632K
  class space    used 6207K, capacity 6716K, committed 6784K, reserved 1048576K
}
Event: 19.127 GC heap before
{Heap before GC invocations=56 (full 0):
 garbage-first heap   total 513024K, used 418588K [0x00000000a0000000, 0x0000000100000000)
  region size 1024K, 300 young (307200K), 23 survivors (23552K)
 Metaspace       used 49095K, capacity 50466K, committed 50736K, reserved 1093632K
  class space    used 6207K, capacity 6716K, committed 6784K, reserved 1048576K
}
Event: 19.221 GC heap after
{Heap after GC invocations=57 (full 0):
 garbage-first heap   total 513024K, used 137350K [0x00000000a0000000, 0x0000000100000000)
  region size 1024K, 23 young (23552K), 23 survivors (23552K)
 Metaspace       used 49095K, capacity 50466K, committed 50736K, reserved 1093632K
  class space    used 6207K, capacity 6716K, committed 6784K, reserved 1048576K
}
Event: 19.601 GC heap before
{Heap before GC invocations=57 (full 0):
 garbage-first heap   total 513024K, used 435334K [0x00000000a0000000, 0x0000000100000000)
  region size 1024K, 300 young (307200K), 23 survivors (23552K)
 Metaspace       used 49095K, capacity 50466K, committed 50736K, reserved 1093632K
  class space    used 6207K, capacity 6716K, committed 6784K, reserved 1048576K
}
Event: 19.620 GC heap after
{Heap after GC invocations=58 (full 0):
 garbage-first heap   total 513024K, used 142120K [0x00000000a0000000, 0x0000000100000000)
  region size 1024K, 24 young (24576K), 24 survivors (24576K)
 Metaspace       used 49095K, capacity 50466K, committed 50736K, reserved 1093632K
  class space    used 6207K, capacity 6716K, committed 6784K, reserved 1048576K
}
Event: 21.483 GC heap before
{Heap before GC invocations=58 (full 0):
 garbage-first heap   total 513024K, used 444200K [0x00000000a0000000, 0x0000000100000000)
  region size 1024K, 300 young (307200K), 24 survivors (24576K)
 Metaspace       used 49112K, capacity 50467K, committed 50736K, reserved 1093632K
  class space    used 6208K, capacity 6716K, committed 6784K, reserved 1048576K
}

